[2025-06-28 08:50:27,018] INFO [Controller id=0 epoch=1] Sending UpdateMetadata request to brokers HashSet(0) for 0 partitions (state.change.logger)
[2025-06-28 08:52:41,450] INFO [Controller id=0 epoch=1] Changed partition food_orders_topic-0 state from NonExistentPartition to NewPartition with assigned replicas 0 (state.change.logger)
[2025-06-28 08:52:41,451] INFO [Controller id=0 epoch=1] Sending UpdateMetadata request to brokers HashSet() for 0 partitions (state.change.logger)
[2025-06-28 08:52:41,462] INFO [Controller id=0 epoch=1] Sending UpdateMetadata request to brokers HashSet() for 0 partitions (state.change.logger)
[2025-06-28 08:52:41,525] INFO [Controller id=0 epoch=1] Changed partition food_orders_topic-0 from NewPartition to OnlinePartition with state LeaderAndIsr(leader=0, leaderEpoch=0, isrWithBrokerEpoch=List(BrokerState(brokerId=0, brokerEpoch=-1)), leaderRecoveryState=RECOVERED, partitionEpoch=0) (state.change.logger)
[2025-06-28 08:52:41,535] INFO [Controller id=0 epoch=1] Sending LeaderAndIsr request to broker 0 with 1 become-leader and 0 become-follower partitions (state.change.logger)
[2025-06-28 08:52:41,540] INFO [Controller id=0 epoch=1] Sending UpdateMetadata request to brokers HashSet(0) for 1 partitions (state.change.logger)
[2025-06-28 08:52:41,542] INFO [Controller id=0 epoch=1] Sending UpdateMetadata request to brokers HashSet() for 0 partitions (state.change.logger)
[2025-06-28 08:52:41,555] INFO [Broker id=0] Handling LeaderAndIsr request correlationId 1 from controller 0 for 1 partitions (state.change.logger)
[2025-06-28 08:52:41,612] INFO [Broker id=0] Stopped fetchers as part of LeaderAndIsr request correlationId 1 from controller 0 epoch 1 as part of the become-leader transition for 1 partitions (state.change.logger)
[2025-06-28 08:52:41,791] INFO [Broker id=0] Leader food_orders_topic-0 with topic id Some(aYCMdR_nS2CxrAC6Ebyfrw) starts at leader epoch 0 from offset 0 with partition epoch 0, high watermark 0, ISR [0], adding replicas [] and removing replicas [] . Previous leader None and previous leader epoch was -1. (state.change.logger)
[2025-06-28 08:52:41,829] INFO [Broker id=0] Finished LeaderAndIsr request in 278ms correlationId 1 from controller 0 for 1 partitions (state.change.logger)
[2025-06-28 08:52:41,849] INFO [Broker id=0] Add 1 partitions and deleted 0 partitions from metadata cache in response to UpdateMetadata request sent by controller 0 epoch 1 with correlation id 2 (state.change.logger)
[2025-06-28 09:17:39,260] INFO [Controller id=0 epoch=1] Changed partition food_order_topic-0 state from NonExistentPartition to NewPartition with assigned replicas 0 (state.change.logger)
[2025-06-28 09:17:39,261] INFO [Controller id=0 epoch=1] Sending UpdateMetadata request to brokers HashSet() for 0 partitions (state.change.logger)
[2025-06-28 09:17:39,261] INFO [Controller id=0 epoch=1] Sending UpdateMetadata request to brokers HashSet() for 0 partitions (state.change.logger)
[2025-06-28 09:17:39,277] INFO [Controller id=0 epoch=1] Changed partition food_order_topic-0 from NewPartition to OnlinePartition with state LeaderAndIsr(leader=0, leaderEpoch=0, isrWithBrokerEpoch=List(BrokerState(brokerId=0, brokerEpoch=-1)), leaderRecoveryState=RECOVERED, partitionEpoch=0) (state.change.logger)
[2025-06-28 09:17:39,277] INFO [Controller id=0 epoch=1] Sending LeaderAndIsr request to broker 0 with 1 become-leader and 0 become-follower partitions (state.change.logger)
[2025-06-28 09:17:39,277] INFO [Controller id=0 epoch=1] Sending UpdateMetadata request to brokers HashSet(0) for 1 partitions (state.change.logger)
[2025-06-28 09:17:39,278] INFO [Controller id=0 epoch=1] Sending UpdateMetadata request to brokers HashSet() for 0 partitions (state.change.logger)
[2025-06-28 09:17:39,285] INFO [Broker id=0] Handling LeaderAndIsr request correlationId 3 from controller 0 for 1 partitions (state.change.logger)
[2025-06-28 09:17:39,286] INFO [Broker id=0] Stopped fetchers as part of LeaderAndIsr request correlationId 3 from controller 0 epoch 1 as part of the become-leader transition for 1 partitions (state.change.logger)
[2025-06-28 09:17:39,295] INFO [Broker id=0] Leader food_order_topic-0 with topic id Some(68lrXDbNSmed-9nOn1MQ2w) starts at leader epoch 0 from offset 0 with partition epoch 0, high watermark 0, ISR [0], adding replicas [] and removing replicas [] . Previous leader None and previous leader epoch was -1. (state.change.logger)
[2025-06-28 09:17:39,299] INFO [Broker id=0] Finished LeaderAndIsr request in 14ms correlationId 3 from controller 0 for 1 partitions (state.change.logger)
[2025-06-28 09:17:39,300] INFO [Broker id=0] Add 1 partitions and deleted 0 partitions from metadata cache in response to UpdateMetadata request sent by controller 0 epoch 1 with correlation id 4 (state.change.logger)
[2025-06-28 09:26:06,740] INFO [Controller id=0 epoch=1] Sending UpdateMetadata request to brokers HashSet() for 0 partitions (state.change.logger)
[2025-06-28 09:26:06,740] INFO [Controller id=0 epoch=1] Sending UpdateMetadata request to brokers HashSet() for 0 partitions (state.change.logger)
[2025-06-28 09:26:06,741] INFO [Controller id=0 epoch=1] Sending UpdateMetadata request to brokers HashSet(0) for 1 partitions (state.change.logger)
[2025-06-28 09:26:06,746] INFO [Broker id=0] Add 0 partitions and deleted 1 partitions from metadata cache in response to UpdateMetadata request sent by controller 0 epoch 1 with correlation id 5 (state.change.logger)
[2025-06-28 09:26:06,779] INFO [Controller id=0 epoch=1] Partition food_orders_topic-0 state changed to (Leader:-1,ISR:0,LeaderRecoveryState:RECOVERED,LeaderEpoch:1,ZkVersion:1,ControllerEpoch:1) after removing replica 0 from the ISR as part of transition to OfflineReplica (state.change.logger)
[2025-06-28 09:26:06,781] INFO [Controller id=0 epoch=1] Sending UpdateMetadata request to brokers HashSet() for 0 partitions (state.change.logger)
[2025-06-28 09:26:06,782] INFO [Controller id=0 epoch=1] Sending StopReplica request for 1 replicas to broker 0 (state.change.logger)
[2025-06-28 09:26:06,785] INFO [Controller id=0 epoch=1] Sending UpdateMetadata request to brokers HashSet() for 0 partitions (state.change.logger)
[2025-06-28 09:26:06,785] INFO [Controller id=0 epoch=1] Sending StopReplica request for 1 replicas to broker 0 (state.change.logger)
[2025-06-28 09:26:06,786] INFO [Broker id=0] Handling StopReplica request correlationId 6 from controller 0 for 1 partitions (state.change.logger)
[2025-06-28 09:26:06,800] INFO [Broker id=0] Handling StopReplica request correlationId 7 from controller 0 for 1 partitions (state.change.logger)
[2025-06-28 09:26:06,838] ERROR [Broker id=0] Ignoring StopReplica request (delete=true) from controller 0 with correlation id 7 epoch 1 for partition food_orders_topic-0 as the local replica for the partition is in an offline log directory (state.change.logger)
[2025-06-28 09:26:06,847] INFO [Controller id=0 epoch=1] Sending UpdateMetadata request to brokers HashSet() for 0 partitions (state.change.logger)
[2025-06-28 09:30:34,039] INFO [Controller id=0 epoch=2] Sending UpdateMetadata request to brokers HashSet(0) for 0 partitions (state.change.logger)
[2025-06-28 09:30:34,079] INFO [Controller id=0 epoch=2] Sending LeaderAndIsr request to broker 0 with 1 become-leader and 1 become-follower partitions (state.change.logger)
[2025-06-28 09:30:34,080] INFO [Controller id=0 epoch=2] Sending UpdateMetadata request to brokers HashSet(0) for 2 partitions (state.change.logger)
[2025-06-28 09:30:34,091] INFO [Controller id=0 epoch=2] Sending UpdateMetadata request to brokers HashSet() for 0 partitions (state.change.logger)
[2025-06-28 09:30:34,091] INFO [Controller id=0 epoch=2] Sending UpdateMetadata request to brokers HashSet() for 0 partitions (state.change.logger)
[2025-06-28 09:30:34,092] INFO [Controller id=0 epoch=2] Sending UpdateMetadata request to brokers HashSet(0) for 1 partitions (state.change.logger)
[2025-06-28 09:30:34,123] INFO [Controller id=0 epoch=2] Partition food_orders_topic-0 state changed to (Leader:-1,ISR:0,LeaderRecoveryState:RECOVERED,LeaderEpoch:3,ZkVersion:3,ControllerEpoch:2) after removing replica 0 from the ISR as part of transition to OfflineReplica (state.change.logger)
[2025-06-28 09:30:34,125] INFO [Controller id=0 epoch=2] Sending UpdateMetadata request to brokers HashSet() for 0 partitions (state.change.logger)
[2025-06-28 09:30:34,126] INFO [Controller id=0 epoch=2] Sending StopReplica request for 1 replicas to broker 0 (state.change.logger)
[2025-06-28 09:30:34,129] INFO [Controller id=0 epoch=2] Sending UpdateMetadata request to brokers HashSet() for 0 partitions (state.change.logger)
[2025-06-28 09:30:34,129] INFO [Controller id=0 epoch=2] Sending StopReplica request for 1 replicas to broker 0 (state.change.logger)
[2025-06-28 09:30:34,599] INFO [Broker id=0] Handling LeaderAndIsr request correlationId 1 from controller 0 for 2 partitions (state.change.logger)
[2025-06-28 09:30:34,615] INFO [Broker id=0] Stopped fetchers as part of LeaderAndIsr request correlationId 1 from controller 0 epoch 2 as part of the become-leader transition for 1 partitions (state.change.logger)
[2025-06-28 09:30:34,626] INFO [Broker id=0] Leader food_order_topic-0 with topic id Some(68lrXDbNSmed-9nOn1MQ2w) starts at leader epoch 0 from offset 1 with partition epoch 0, high watermark 1, ISR [0], adding replicas [] and removing replicas [] . Previous leader None and previous leader epoch was -1. (state.change.logger)
[2025-06-28 09:30:34,631] ERROR [Broker id=0] Received LeaderAndIsrRequest with correlation id 1 from controller 0 epoch 2 for partition food_orders_topic-0 (last update controller epoch 1) but cannot become follower since the new leader -1 is unavailable. (state.change.logger)
[2025-06-28 09:30:34,633] INFO [Broker id=0] Stopped fetchers as part of become-follower request from controller 0 epoch 2 with correlation id 1 for 0 partitions (state.change.logger)
[2025-06-28 09:30:34,640] INFO [Broker id=0] Finished LeaderAndIsr request in 41ms correlationId 1 from controller 0 for 2 partitions (state.change.logger)
[2025-06-28 09:30:34,647] INFO [Broker id=0] Add 1 partitions and deleted 1 partitions from metadata cache in response to UpdateMetadata request sent by controller 0 epoch 2 with correlation id 2 (state.change.logger)
[2025-06-28 09:30:34,649] INFO [Broker id=0] Add 0 partitions and deleted 1 partitions from metadata cache in response to UpdateMetadata request sent by controller 0 epoch 2 with correlation id 3 (state.change.logger)
[2025-06-28 09:30:34,652] INFO [Broker id=0] Handling StopReplica request correlationId 4 from controller 0 for 1 partitions (state.change.logger)
[2025-06-28 09:30:34,659] INFO [Broker id=0] Handling StopReplica request correlationId 5 from controller 0 for 1 partitions (state.change.logger)
[2025-06-28 09:30:34,682] ERROR [Broker id=0] Ignoring StopReplica request (delete=true) from controller 0 with correlation id 5 epoch 2 for partition food_orders_topic-0 as the local replica for the partition is in an offline log directory (state.change.logger)
[2025-06-28 09:30:34,686] INFO [Controller id=0 epoch=2] Sending UpdateMetadata request to brokers HashSet() for 0 partitions (state.change.logger)
[2025-06-28 09:42:22,342] INFO [Controller id=0 epoch=3] Sending UpdateMetadata request to brokers HashSet(0) for 0 partitions (state.change.logger)
[2025-06-28 09:42:22,469] INFO [Controller id=0 epoch=3] Sending LeaderAndIsr request to broker 0 with 1 become-leader and 1 become-follower partitions (state.change.logger)
[2025-06-28 09:42:22,472] INFO [Controller id=0 epoch=3] Sending UpdateMetadata request to brokers HashSet(0) for 2 partitions (state.change.logger)
[2025-06-28 09:42:22,498] INFO [Controller id=0 epoch=3] Sending UpdateMetadata request to brokers HashSet() for 0 partitions (state.change.logger)
[2025-06-28 09:42:22,498] INFO [Controller id=0 epoch=3] Sending UpdateMetadata request to brokers HashSet() for 0 partitions (state.change.logger)
[2025-06-28 09:42:22,498] INFO [Controller id=0 epoch=3] Sending UpdateMetadata request to brokers HashSet(0) for 1 partitions (state.change.logger)
[2025-06-28 09:42:22,539] INFO [Controller id=0 epoch=3] Partition food_orders_topic-0 state changed to (Leader:-1,ISR:0,LeaderRecoveryState:RECOVERED,LeaderEpoch:5,ZkVersion:5,ControllerEpoch:3) after removing replica 0 from the ISR as part of transition to OfflineReplica (state.change.logger)
[2025-06-28 09:42:22,540] INFO [Controller id=0 epoch=3] Sending UpdateMetadata request to brokers HashSet() for 0 partitions (state.change.logger)
[2025-06-28 09:42:22,542] INFO [Controller id=0 epoch=3] Sending StopReplica request for 1 replicas to broker 0 (state.change.logger)
[2025-06-28 09:42:22,545] INFO [Controller id=0 epoch=3] Sending UpdateMetadata request to brokers HashSet() for 0 partitions (state.change.logger)
[2025-06-28 09:42:22,545] INFO [Controller id=0 epoch=3] Sending StopReplica request for 1 replicas to broker 0 (state.change.logger)
[2025-06-28 09:42:23,043] INFO [Broker id=0] Handling LeaderAndIsr request correlationId 1 from controller 0 for 2 partitions (state.change.logger)
[2025-06-28 09:42:23,075] INFO [Broker id=0] Stopped fetchers as part of LeaderAndIsr request correlationId 1 from controller 0 epoch 3 as part of the become-leader transition for 1 partitions (state.change.logger)
[2025-06-28 09:42:23,106] INFO [Broker id=0] Leader food_order_topic-0 with topic id Some(68lrXDbNSmed-9nOn1MQ2w) starts at leader epoch 0 from offset 1 with partition epoch 0, high watermark 1, ISR [0], adding replicas [] and removing replicas [] . Previous leader None and previous leader epoch was -1. (state.change.logger)
[2025-06-28 09:42:23,126] ERROR [Broker id=0] Received LeaderAndIsrRequest with correlation id 1 from controller 0 epoch 3 for partition food_orders_topic-0 (last update controller epoch 2) but cannot become follower since the new leader -1 is unavailable. (state.change.logger)
[2025-06-28 09:42:23,129] INFO [Broker id=0] Stopped fetchers as part of become-follower request from controller 0 epoch 3 with correlation id 1 for 0 partitions (state.change.logger)
[2025-06-28 09:42:23,171] INFO [Broker id=0] Finished LeaderAndIsr request in 132ms correlationId 1 from controller 0 for 2 partitions (state.change.logger)
[2025-06-28 09:42:23,197] INFO [Broker id=0] Add 1 partitions and deleted 1 partitions from metadata cache in response to UpdateMetadata request sent by controller 0 epoch 3 with correlation id 2 (state.change.logger)
[2025-06-28 09:42:23,202] INFO [Broker id=0] Add 0 partitions and deleted 1 partitions from metadata cache in response to UpdateMetadata request sent by controller 0 epoch 3 with correlation id 3 (state.change.logger)
[2025-06-28 09:42:23,206] INFO [Broker id=0] Handling StopReplica request correlationId 4 from controller 0 for 1 partitions (state.change.logger)
[2025-06-28 09:42:23,229] INFO [Broker id=0] Handling StopReplica request correlationId 5 from controller 0 for 1 partitions (state.change.logger)
[2025-06-28 09:42:23,280] ERROR [Broker id=0] Ignoring StopReplica request (delete=true) from controller 0 with correlation id 5 epoch 3 for partition food_orders_topic-0 as the local replica for the partition is in an offline log directory (state.change.logger)
[2025-06-28 09:42:23,294] INFO [Controller id=0 epoch=3] Sending UpdateMetadata request to brokers HashSet() for 0 partitions (state.change.logger)
[2025-06-28 09:48:20,991] INFO [Controller id=0 epoch=4] Sending UpdateMetadata request to brokers HashSet(0) for 0 partitions (state.change.logger)
[2025-06-28 09:48:21,046] INFO [Controller id=0 epoch=4] Sending LeaderAndIsr request to broker 0 with 1 become-leader and 1 become-follower partitions (state.change.logger)
[2025-06-28 09:48:21,052] INFO [Controller id=0 epoch=4] Sending UpdateMetadata request to brokers HashSet(0) for 2 partitions (state.change.logger)
[2025-06-28 09:48:21,078] INFO [Controller id=0 epoch=4] Sending UpdateMetadata request to brokers HashSet() for 0 partitions (state.change.logger)
[2025-06-28 09:48:21,079] INFO [Controller id=0 epoch=4] Sending UpdateMetadata request to brokers HashSet() for 0 partitions (state.change.logger)
[2025-06-28 09:48:21,080] INFO [Controller id=0 epoch=4] Sending UpdateMetadata request to brokers HashSet(0) for 1 partitions (state.change.logger)
[2025-06-28 09:48:21,117] INFO [Controller id=0 epoch=4] Partition food_orders_topic-0 state changed to (Leader:-1,ISR:0,LeaderRecoveryState:RECOVERED,LeaderEpoch:7,ZkVersion:7,ControllerEpoch:4) after removing replica 0 from the ISR as part of transition to OfflineReplica (state.change.logger)
[2025-06-28 09:48:21,120] INFO [Controller id=0 epoch=4] Sending UpdateMetadata request to brokers HashSet() for 0 partitions (state.change.logger)
[2025-06-28 09:48:21,122] INFO [Controller id=0 epoch=4] Sending StopReplica request for 1 replicas to broker 0 (state.change.logger)
[2025-06-28 09:48:21,124] INFO [Controller id=0 epoch=4] Sending UpdateMetadata request to brokers HashSet() for 0 partitions (state.change.logger)
[2025-06-28 09:48:21,124] INFO [Controller id=0 epoch=4] Sending StopReplica request for 1 replicas to broker 0 (state.change.logger)
[2025-06-28 09:48:21,610] INFO [Broker id=0] Handling LeaderAndIsr request correlationId 1 from controller 0 for 2 partitions (state.change.logger)
[2025-06-28 09:48:21,630] INFO [Broker id=0] Stopped fetchers as part of LeaderAndIsr request correlationId 1 from controller 0 epoch 4 as part of the become-leader transition for 1 partitions (state.change.logger)
[2025-06-28 09:48:21,642] INFO [Broker id=0] Leader food_order_topic-0 with topic id Some(68lrXDbNSmed-9nOn1MQ2w) starts at leader epoch 0 from offset 1 with partition epoch 0, high watermark 1, ISR [0], adding replicas [] and removing replicas [] . Previous leader None and previous leader epoch was -1. (state.change.logger)
[2025-06-28 09:48:21,649] ERROR [Broker id=0] Received LeaderAndIsrRequest with correlation id 1 from controller 0 epoch 4 for partition food_orders_topic-0 (last update controller epoch 3) but cannot become follower since the new leader -1 is unavailable. (state.change.logger)
[2025-06-28 09:48:21,653] INFO [Broker id=0] Stopped fetchers as part of become-follower request from controller 0 epoch 4 with correlation id 1 for 0 partitions (state.change.logger)
[2025-06-28 09:48:21,684] INFO [Broker id=0] Finished LeaderAndIsr request in 72ms correlationId 1 from controller 0 for 2 partitions (state.change.logger)
[2025-06-28 09:48:21,708] INFO [Broker id=0] Add 1 partitions and deleted 1 partitions from metadata cache in response to UpdateMetadata request sent by controller 0 epoch 4 with correlation id 2 (state.change.logger)
[2025-06-28 09:48:21,715] INFO [Broker id=0] Add 0 partitions and deleted 1 partitions from metadata cache in response to UpdateMetadata request sent by controller 0 epoch 4 with correlation id 3 (state.change.logger)
[2025-06-28 09:48:21,719] INFO [Broker id=0] Handling StopReplica request correlationId 4 from controller 0 for 1 partitions (state.change.logger)
[2025-06-28 09:48:21,745] INFO [Broker id=0] Handling StopReplica request correlationId 5 from controller 0 for 1 partitions (state.change.logger)
[2025-06-28 09:48:21,797] ERROR [Broker id=0] Ignoring StopReplica request (delete=true) from controller 0 with correlation id 5 epoch 4 for partition food_orders_topic-0 as the local replica for the partition is in an offline log directory (state.change.logger)
[2025-06-28 09:48:21,808] INFO [Controller id=0 epoch=4] Sending UpdateMetadata request to brokers HashSet() for 0 partitions (state.change.logger)
[2025-06-28 09:49:43,162] INFO [Controller id=0 epoch=1] Sending UpdateMetadata request to brokers HashSet(0) for 0 partitions (state.change.logger)
[2025-06-28 09:52:17,804] INFO [Controller id=0 epoch=1] Changed partition anubhav_orders_topic-0 state from NonExistentPartition to NewPartition with assigned replicas 0 (state.change.logger)
[2025-06-28 09:52:17,806] INFO [Controller id=0 epoch=1] Sending UpdateMetadata request to brokers HashSet() for 0 partitions (state.change.logger)
[2025-06-28 09:52:17,824] INFO [Controller id=0 epoch=1] Sending UpdateMetadata request to brokers HashSet() for 0 partitions (state.change.logger)
[2025-06-28 09:52:17,889] INFO [Controller id=0 epoch=1] Changed partition anubhav_orders_topic-0 from NewPartition to OnlinePartition with state LeaderAndIsr(leader=0, leaderEpoch=0, isrWithBrokerEpoch=List(BrokerState(brokerId=0, brokerEpoch=-1)), leaderRecoveryState=RECOVERED, partitionEpoch=0) (state.change.logger)
[2025-06-28 09:52:17,898] INFO [Controller id=0 epoch=1] Sending LeaderAndIsr request to broker 0 with 1 become-leader and 0 become-follower partitions (state.change.logger)
[2025-06-28 09:52:17,905] INFO [Controller id=0 epoch=1] Sending UpdateMetadata request to brokers HashSet(0) for 1 partitions (state.change.logger)
[2025-06-28 09:52:17,907] INFO [Controller id=0 epoch=1] Sending UpdateMetadata request to brokers HashSet() for 0 partitions (state.change.logger)
[2025-06-28 09:52:17,926] INFO [Broker id=0] Handling LeaderAndIsr request correlationId 1 from controller 0 for 1 partitions (state.change.logger)
[2025-06-28 09:52:18,019] INFO [Broker id=0] Stopped fetchers as part of LeaderAndIsr request correlationId 1 from controller 0 epoch 1 as part of the become-leader transition for 1 partitions (state.change.logger)
[2025-06-28 09:52:18,245] INFO [Broker id=0] Leader anubhav_orders_topic-0 with topic id Some(G85C0rnlSumHLknnGTyngA) starts at leader epoch 0 from offset 0 with partition epoch 0, high watermark 0, ISR [0], adding replicas [] and removing replicas [] . Previous leader None and previous leader epoch was -1. (state.change.logger)
[2025-06-28 09:52:18,290] INFO [Broker id=0] Finished LeaderAndIsr request in 374ms correlationId 1 from controller 0 for 1 partitions (state.change.logger)
[2025-06-28 09:52:18,314] INFO [Broker id=0] Add 1 partitions and deleted 0 partitions from metadata cache in response to UpdateMetadata request sent by controller 0 epoch 1 with correlation id 2 (state.change.logger)
[2025-06-28 09:54:22,653] INFO [Controller id=0 epoch=1] Changed partition food_orders_topic-0 state from NonExistentPartition to NewPartition with assigned replicas 0 (state.change.logger)
[2025-06-28 09:54:22,653] INFO [Controller id=0 epoch=1] Sending UpdateMetadata request to brokers HashSet() for 0 partitions (state.change.logger)
[2025-06-28 09:54:22,654] INFO [Controller id=0 epoch=1] Sending UpdateMetadata request to brokers HashSet() for 0 partitions (state.change.logger)
[2025-06-28 09:54:22,670] INFO [Controller id=0 epoch=1] Changed partition food_orders_topic-0 from NewPartition to OnlinePartition with state LeaderAndIsr(leader=0, leaderEpoch=0, isrWithBrokerEpoch=List(BrokerState(brokerId=0, brokerEpoch=-1)), leaderRecoveryState=RECOVERED, partitionEpoch=0) (state.change.logger)
[2025-06-28 09:54:22,670] INFO [Controller id=0 epoch=1] Sending LeaderAndIsr request to broker 0 with 1 become-leader and 0 become-follower partitions (state.change.logger)
[2025-06-28 09:54:22,671] INFO [Controller id=0 epoch=1] Sending UpdateMetadata request to brokers HashSet(0) for 1 partitions (state.change.logger)
[2025-06-28 09:54:22,671] INFO [Controller id=0 epoch=1] Sending UpdateMetadata request to brokers HashSet() for 0 partitions (state.change.logger)
[2025-06-28 09:54:22,672] INFO [Broker id=0] Handling LeaderAndIsr request correlationId 3 from controller 0 for 1 partitions (state.change.logger)
[2025-06-28 09:54:22,679] INFO [Broker id=0] Stopped fetchers as part of LeaderAndIsr request correlationId 3 from controller 0 epoch 1 as part of the become-leader transition for 1 partitions (state.change.logger)
[2025-06-28 09:54:22,692] INFO [Broker id=0] Leader food_orders_topic-0 with topic id Some(ACj5ERaKR2i_EflyVgzg-Q) starts at leader epoch 0 from offset 0 with partition epoch 0, high watermark 0, ISR [0], adding replicas [] and removing replicas [] . Previous leader None and previous leader epoch was -1. (state.change.logger)
[2025-06-28 09:54:22,697] INFO [Broker id=0] Finished LeaderAndIsr request in 25ms correlationId 3 from controller 0 for 1 partitions (state.change.logger)
[2025-06-28 09:54:22,699] INFO [Broker id=0] Add 1 partitions and deleted 0 partitions from metadata cache in response to UpdateMetadata request sent by controller 0 epoch 1 with correlation id 4 (state.change.logger)
[2025-06-28 09:56:54,272] INFO [Controller id=0 epoch=1] Changed partition food_order_topic-0 state from NonExistentPartition to NewPartition with assigned replicas 0 (state.change.logger)
[2025-06-28 09:56:54,272] INFO [Controller id=0 epoch=1] Sending UpdateMetadata request to brokers HashSet() for 0 partitions (state.change.logger)
[2025-06-28 09:56:54,275] INFO [Controller id=0 epoch=1] Sending UpdateMetadata request to brokers HashSet() for 0 partitions (state.change.logger)
[2025-06-28 09:56:54,295] INFO [Controller id=0 epoch=1] Changed partition food_order_topic-0 from NewPartition to OnlinePartition with state LeaderAndIsr(leader=0, leaderEpoch=0, isrWithBrokerEpoch=List(BrokerState(brokerId=0, brokerEpoch=-1)), leaderRecoveryState=RECOVERED, partitionEpoch=0) (state.change.logger)
[2025-06-28 09:56:54,295] INFO [Controller id=0 epoch=1] Sending LeaderAndIsr request to broker 0 with 1 become-leader and 0 become-follower partitions (state.change.logger)
[2025-06-28 09:56:54,296] INFO [Controller id=0 epoch=1] Sending UpdateMetadata request to brokers HashSet(0) for 1 partitions (state.change.logger)
[2025-06-28 09:56:54,297] INFO [Controller id=0 epoch=1] Sending UpdateMetadata request to brokers HashSet() for 0 partitions (state.change.logger)
[2025-06-28 09:56:54,297] INFO [Broker id=0] Handling LeaderAndIsr request correlationId 5 from controller 0 for 1 partitions (state.change.logger)
[2025-06-28 09:56:54,299] INFO [Broker id=0] Stopped fetchers as part of LeaderAndIsr request correlationId 5 from controller 0 epoch 1 as part of the become-leader transition for 1 partitions (state.change.logger)
[2025-06-28 09:56:54,319] INFO [Broker id=0] Leader food_order_topic-0 with topic id Some(06pUWG6tSmWb6bMNz2jjuA) starts at leader epoch 0 from offset 0 with partition epoch 0, high watermark 0, ISR [0], adding replicas [] and removing replicas [] . Previous leader None and previous leader epoch was -1. (state.change.logger)
[2025-06-28 09:56:54,324] INFO [Broker id=0] Finished LeaderAndIsr request in 27ms correlationId 5 from controller 0 for 1 partitions (state.change.logger)
[2025-06-28 09:56:54,326] INFO [Broker id=0] Add 1 partitions and deleted 0 partitions from metadata cache in response to UpdateMetadata request sent by controller 0 epoch 1 with correlation id 6 (state.change.logger)
[2025-06-28 09:56:54,340] INFO [Controller id=0 epoch=1] Changed partition __consumer_offsets-22 state from NonExistentPartition to NewPartition with assigned replicas 0 (state.change.logger)
[2025-06-28 09:56:54,340] INFO [Controller id=0 epoch=1] Changed partition __consumer_offsets-30 state from NonExistentPartition to NewPartition with assigned replicas 0 (state.change.logger)
[2025-06-28 09:56:54,340] INFO [Controller id=0 epoch=1] Changed partition __consumer_offsets-25 state from NonExistentPartition to NewPartition with assigned replicas 0 (state.change.logger)
[2025-06-28 09:56:54,340] INFO [Controller id=0 epoch=1] Changed partition __consumer_offsets-35 state from NonExistentPartition to NewPartition with assigned replicas 0 (state.change.logger)
[2025-06-28 09:56:54,340] INFO [Controller id=0 epoch=1] Changed partition __consumer_offsets-37 state from NonExistentPartition to NewPartition with assigned replicas 0 (state.change.logger)
[2025-06-28 09:56:54,340] INFO [Controller id=0 epoch=1] Changed partition __consumer_offsets-38 state from NonExistentPartition to NewPartition with assigned replicas 0 (state.change.logger)
[2025-06-28 09:56:54,340] INFO [Controller id=0 epoch=1] Changed partition __consumer_offsets-13 state from NonExistentPartition to NewPartition with assigned replicas 0 (state.change.logger)
[2025-06-28 09:56:54,341] INFO [Controller id=0 epoch=1] Changed partition __consumer_offsets-8 state from NonExistentPartition to NewPartition with assigned replicas 0 (state.change.logger)
[2025-06-28 09:56:54,341] INFO [Controller id=0 epoch=1] Changed partition __consumer_offsets-21 state from NonExistentPartition to NewPartition with assigned replicas 0 (state.change.logger)
[2025-06-28 09:56:54,341] INFO [Controller id=0 epoch=1] Changed partition __consumer_offsets-4 state from NonExistentPartition to NewPartition with assigned replicas 0 (state.change.logger)
[2025-06-28 09:56:54,341] INFO [Controller id=0 epoch=1] Changed partition __consumer_offsets-27 state from NonExistentPartition to NewPartition with assigned replicas 0 (state.change.logger)
[2025-06-28 09:56:54,341] INFO [Controller id=0 epoch=1] Changed partition __consumer_offsets-7 state from NonExistentPartition to NewPartition with assigned replicas 0 (state.change.logger)
[2025-06-28 09:56:54,341] INFO [Controller id=0 epoch=1] Changed partition __consumer_offsets-9 state from NonExistentPartition to NewPartition with assigned replicas 0 (state.change.logger)
[2025-06-28 09:56:54,341] INFO [Controller id=0 epoch=1] Changed partition __consumer_offsets-46 state from NonExistentPartition to NewPartition with assigned replicas 0 (state.change.logger)
[2025-06-28 09:56:54,341] INFO [Controller id=0 epoch=1] Changed partition __consumer_offsets-41 state from NonExistentPartition to NewPartition with assigned replicas 0 (state.change.logger)
[2025-06-28 09:56:54,342] INFO [Controller id=0 epoch=1] Changed partition __consumer_offsets-33 state from NonExistentPartition to NewPartition with assigned replicas 0 (state.change.logger)
[2025-06-28 09:56:54,342] INFO [Controller id=0 epoch=1] Changed partition __consumer_offsets-23 state from NonExistentPartition to NewPartition with assigned replicas 0 (state.change.logger)
[2025-06-28 09:56:54,342] INFO [Controller id=0 epoch=1] Changed partition __consumer_offsets-49 state from NonExistentPartition to NewPartition with assigned replicas 0 (state.change.logger)
[2025-06-28 09:56:54,342] INFO [Controller id=0 epoch=1] Changed partition __consumer_offsets-47 state from NonExistentPartition to NewPartition with assigned replicas 0 (state.change.logger)
[2025-06-28 09:56:54,342] INFO [Controller id=0 epoch=1] Changed partition __consumer_offsets-16 state from NonExistentPartition to NewPartition with assigned replicas 0 (state.change.logger)
[2025-06-28 09:56:54,342] INFO [Controller id=0 epoch=1] Changed partition __consumer_offsets-28 state from NonExistentPartition to NewPartition with assigned replicas 0 (state.change.logger)
[2025-06-28 09:56:54,342] INFO [Controller id=0 epoch=1] Changed partition __consumer_offsets-31 state from NonExistentPartition to NewPartition with assigned replicas 0 (state.change.logger)
[2025-06-28 09:56:54,342] INFO [Controller id=0 epoch=1] Changed partition __consumer_offsets-36 state from NonExistentPartition to NewPartition with assigned replicas 0 (state.change.logger)
[2025-06-28 09:56:54,342] INFO [Controller id=0 epoch=1] Changed partition __consumer_offsets-42 state from NonExistentPartition to NewPartition with assigned replicas 0 (state.change.logger)
[2025-06-28 09:56:54,342] INFO [Controller id=0 epoch=1] Changed partition __consumer_offsets-3 state from NonExistentPartition to NewPartition with assigned replicas 0 (state.change.logger)
[2025-06-28 09:56:54,342] INFO [Controller id=0 epoch=1] Changed partition __consumer_offsets-18 state from NonExistentPartition to NewPartition with assigned replicas 0 (state.change.logger)
[2025-06-28 09:56:54,343] INFO [Controller id=0 epoch=1] Changed partition __consumer_offsets-15 state from NonExistentPartition to NewPartition with assigned replicas 0 (state.change.logger)
[2025-06-28 09:56:54,343] INFO [Controller id=0 epoch=1] Changed partition __consumer_offsets-24 state from NonExistentPartition to NewPartition with assigned replicas 0 (state.change.logger)
[2025-06-28 09:56:54,343] INFO [Controller id=0 epoch=1] Changed partition __consumer_offsets-17 state from NonExistentPartition to NewPartition with assigned replicas 0 (state.change.logger)
[2025-06-28 09:56:54,343] INFO [Controller id=0 epoch=1] Changed partition __consumer_offsets-48 state from NonExistentPartition to NewPartition with assigned replicas 0 (state.change.logger)
[2025-06-28 09:56:54,343] INFO [Controller id=0 epoch=1] Changed partition __consumer_offsets-19 state from NonExistentPartition to NewPartition with assigned replicas 0 (state.change.logger)
[2025-06-28 09:56:54,343] INFO [Controller id=0 epoch=1] Changed partition __consumer_offsets-11 state from NonExistentPartition to NewPartition with assigned replicas 0 (state.change.logger)
[2025-06-28 09:56:54,343] INFO [Controller id=0 epoch=1] Changed partition __consumer_offsets-2 state from NonExistentPartition to NewPartition with assigned replicas 0 (state.change.logger)
[2025-06-28 09:56:54,343] INFO [Controller id=0 epoch=1] Changed partition __consumer_offsets-43 state from NonExistentPartition to NewPartition with assigned replicas 0 (state.change.logger)
[2025-06-28 09:56:54,343] INFO [Controller id=0 epoch=1] Changed partition __consumer_offsets-6 state from NonExistentPartition to NewPartition with assigned replicas 0 (state.change.logger)
[2025-06-28 09:56:54,343] INFO [Controller id=0 epoch=1] Changed partition __consumer_offsets-14 state from NonExistentPartition to NewPartition with assigned replicas 0 (state.change.logger)
[2025-06-28 09:56:54,343] INFO [Controller id=0 epoch=1] Changed partition __consumer_offsets-20 state from NonExistentPartition to NewPartition with assigned replicas 0 (state.change.logger)
[2025-06-28 09:56:54,344] INFO [Controller id=0 epoch=1] Changed partition __consumer_offsets-0 state from NonExistentPartition to NewPartition with assigned replicas 0 (state.change.logger)
[2025-06-28 09:56:54,344] INFO [Controller id=0 epoch=1] Changed partition __consumer_offsets-44 state from NonExistentPartition to NewPartition with assigned replicas 0 (state.change.logger)
[2025-06-28 09:56:54,344] INFO [Controller id=0 epoch=1] Changed partition __consumer_offsets-39 state from NonExistentPartition to NewPartition with assigned replicas 0 (state.change.logger)
[2025-06-28 09:56:54,344] INFO [Controller id=0 epoch=1] Changed partition __consumer_offsets-12 state from NonExistentPartition to NewPartition with assigned replicas 0 (state.change.logger)
[2025-06-28 09:56:54,344] INFO [Controller id=0 epoch=1] Changed partition __consumer_offsets-45 state from NonExistentPartition to NewPartition with assigned replicas 0 (state.change.logger)
[2025-06-28 09:56:54,344] INFO [Controller id=0 epoch=1] Changed partition __consumer_offsets-1 state from NonExistentPartition to NewPartition with assigned replicas 0 (state.change.logger)
[2025-06-28 09:56:54,344] INFO [Controller id=0 epoch=1] Changed partition __consumer_offsets-5 state from NonExistentPartition to NewPartition with assigned replicas 0 (state.change.logger)
[2025-06-28 09:56:54,344] INFO [Controller id=0 epoch=1] Changed partition __consumer_offsets-26 state from NonExistentPartition to NewPartition with assigned replicas 0 (state.change.logger)
[2025-06-28 09:56:54,344] INFO [Controller id=0 epoch=1] Changed partition __consumer_offsets-29 state from NonExistentPartition to NewPartition with assigned replicas 0 (state.change.logger)
[2025-06-28 09:56:54,344] INFO [Controller id=0 epoch=1] Changed partition __consumer_offsets-34 state from NonExistentPartition to NewPartition with assigned replicas 0 (state.change.logger)
[2025-06-28 09:56:54,344] INFO [Controller id=0 epoch=1] Changed partition __consumer_offsets-10 state from NonExistentPartition to NewPartition with assigned replicas 0 (state.change.logger)
[2025-06-28 09:56:54,344] INFO [Controller id=0 epoch=1] Changed partition __consumer_offsets-32 state from NonExistentPartition to NewPartition with assigned replicas 0 (state.change.logger)
[2025-06-28 09:56:54,345] INFO [Controller id=0 epoch=1] Changed partition __consumer_offsets-40 state from NonExistentPartition to NewPartition with assigned replicas 0 (state.change.logger)
[2025-06-28 09:56:54,345] INFO [Controller id=0 epoch=1] Sending UpdateMetadata request to brokers HashSet() for 0 partitions (state.change.logger)
[2025-06-28 09:56:54,348] INFO [Controller id=0 epoch=1] Sending UpdateMetadata request to brokers HashSet() for 0 partitions (state.change.logger)
[2025-06-28 09:56:54,470] INFO [Controller id=0 epoch=1] Changed partition __consumer_offsets-22 from NewPartition to OnlinePartition with state LeaderAndIsr(leader=0, leaderEpoch=0, isrWithBrokerEpoch=List(BrokerState(brokerId=0, brokerEpoch=-1)), leaderRecoveryState=RECOVERED, partitionEpoch=0) (state.change.logger)
[2025-06-28 09:56:54,471] INFO [Controller id=0 epoch=1] Changed partition __consumer_offsets-30 from NewPartition to OnlinePartition with state LeaderAndIsr(leader=0, leaderEpoch=0, isrWithBrokerEpoch=List(BrokerState(brokerId=0, brokerEpoch=-1)), leaderRecoveryState=RECOVERED, partitionEpoch=0) (state.change.logger)
[2025-06-28 09:56:54,471] INFO [Controller id=0 epoch=1] Changed partition __consumer_offsets-25 from NewPartition to OnlinePartition with state LeaderAndIsr(leader=0, leaderEpoch=0, isrWithBrokerEpoch=List(BrokerState(brokerId=0, brokerEpoch=-1)), leaderRecoveryState=RECOVERED, partitionEpoch=0) (state.change.logger)
[2025-06-28 09:56:54,471] INFO [Controller id=0 epoch=1] Changed partition __consumer_offsets-35 from NewPartition to OnlinePartition with state LeaderAndIsr(leader=0, leaderEpoch=0, isrWithBrokerEpoch=List(BrokerState(brokerId=0, brokerEpoch=-1)), leaderRecoveryState=RECOVERED, partitionEpoch=0) (state.change.logger)
[2025-06-28 09:56:54,471] INFO [Controller id=0 epoch=1] Changed partition __consumer_offsets-37 from NewPartition to OnlinePartition with state LeaderAndIsr(leader=0, leaderEpoch=0, isrWithBrokerEpoch=List(BrokerState(brokerId=0, brokerEpoch=-1)), leaderRecoveryState=RECOVERED, partitionEpoch=0) (state.change.logger)
[2025-06-28 09:56:54,471] INFO [Controller id=0 epoch=1] Changed partition __consumer_offsets-38 from NewPartition to OnlinePartition with state LeaderAndIsr(leader=0, leaderEpoch=0, isrWithBrokerEpoch=List(BrokerState(brokerId=0, brokerEpoch=-1)), leaderRecoveryState=RECOVERED, partitionEpoch=0) (state.change.logger)
[2025-06-28 09:56:54,471] INFO [Controller id=0 epoch=1] Changed partition __consumer_offsets-13 from NewPartition to OnlinePartition with state LeaderAndIsr(leader=0, leaderEpoch=0, isrWithBrokerEpoch=List(BrokerState(brokerId=0, brokerEpoch=-1)), leaderRecoveryState=RECOVERED, partitionEpoch=0) (state.change.logger)
[2025-06-28 09:56:54,471] INFO [Controller id=0 epoch=1] Changed partition __consumer_offsets-8 from NewPartition to OnlinePartition with state LeaderAndIsr(leader=0, leaderEpoch=0, isrWithBrokerEpoch=List(BrokerState(brokerId=0, brokerEpoch=-1)), leaderRecoveryState=RECOVERED, partitionEpoch=0) (state.change.logger)
[2025-06-28 09:56:54,471] INFO [Controller id=0 epoch=1] Changed partition __consumer_offsets-21 from NewPartition to OnlinePartition with state LeaderAndIsr(leader=0, leaderEpoch=0, isrWithBrokerEpoch=List(BrokerState(brokerId=0, brokerEpoch=-1)), leaderRecoveryState=RECOVERED, partitionEpoch=0) (state.change.logger)
[2025-06-28 09:56:54,472] INFO [Controller id=0 epoch=1] Changed partition __consumer_offsets-4 from NewPartition to OnlinePartition with state LeaderAndIsr(leader=0, leaderEpoch=0, isrWithBrokerEpoch=List(BrokerState(brokerId=0, brokerEpoch=-1)), leaderRecoveryState=RECOVERED, partitionEpoch=0) (state.change.logger)
[2025-06-28 09:56:54,472] INFO [Controller id=0 epoch=1] Changed partition __consumer_offsets-27 from NewPartition to OnlinePartition with state LeaderAndIsr(leader=0, leaderEpoch=0, isrWithBrokerEpoch=List(BrokerState(brokerId=0, brokerEpoch=-1)), leaderRecoveryState=RECOVERED, partitionEpoch=0) (state.change.logger)
[2025-06-28 09:56:54,472] INFO [Controller id=0 epoch=1] Changed partition __consumer_offsets-7 from NewPartition to OnlinePartition with state LeaderAndIsr(leader=0, leaderEpoch=0, isrWithBrokerEpoch=List(BrokerState(brokerId=0, brokerEpoch=-1)), leaderRecoveryState=RECOVERED, partitionEpoch=0) (state.change.logger)
[2025-06-28 09:56:54,472] INFO [Controller id=0 epoch=1] Changed partition __consumer_offsets-9 from NewPartition to OnlinePartition with state LeaderAndIsr(leader=0, leaderEpoch=0, isrWithBrokerEpoch=List(BrokerState(brokerId=0, brokerEpoch=-1)), leaderRecoveryState=RECOVERED, partitionEpoch=0) (state.change.logger)
[2025-06-28 09:56:54,472] INFO [Controller id=0 epoch=1] Changed partition __consumer_offsets-46 from NewPartition to OnlinePartition with state LeaderAndIsr(leader=0, leaderEpoch=0, isrWithBrokerEpoch=List(BrokerState(brokerId=0, brokerEpoch=-1)), leaderRecoveryState=RECOVERED, partitionEpoch=0) (state.change.logger)
[2025-06-28 09:56:54,472] INFO [Controller id=0 epoch=1] Changed partition __consumer_offsets-41 from NewPartition to OnlinePartition with state LeaderAndIsr(leader=0, leaderEpoch=0, isrWithBrokerEpoch=List(BrokerState(brokerId=0, brokerEpoch=-1)), leaderRecoveryState=RECOVERED, partitionEpoch=0) (state.change.logger)
[2025-06-28 09:56:54,472] INFO [Controller id=0 epoch=1] Changed partition __consumer_offsets-33 from NewPartition to OnlinePartition with state LeaderAndIsr(leader=0, leaderEpoch=0, isrWithBrokerEpoch=List(BrokerState(brokerId=0, brokerEpoch=-1)), leaderRecoveryState=RECOVERED, partitionEpoch=0) (state.change.logger)
[2025-06-28 09:56:54,472] INFO [Controller id=0 epoch=1] Changed partition __consumer_offsets-23 from NewPartition to OnlinePartition with state LeaderAndIsr(leader=0, leaderEpoch=0, isrWithBrokerEpoch=List(BrokerState(brokerId=0, brokerEpoch=-1)), leaderRecoveryState=RECOVERED, partitionEpoch=0) (state.change.logger)
[2025-06-28 09:56:54,472] INFO [Controller id=0 epoch=1] Changed partition __consumer_offsets-49 from NewPartition to OnlinePartition with state LeaderAndIsr(leader=0, leaderEpoch=0, isrWithBrokerEpoch=List(BrokerState(brokerId=0, brokerEpoch=-1)), leaderRecoveryState=RECOVERED, partitionEpoch=0) (state.change.logger)
[2025-06-28 09:56:54,472] INFO [Controller id=0 epoch=1] Changed partition __consumer_offsets-47 from NewPartition to OnlinePartition with state LeaderAndIsr(leader=0, leaderEpoch=0, isrWithBrokerEpoch=List(BrokerState(brokerId=0, brokerEpoch=-1)), leaderRecoveryState=RECOVERED, partitionEpoch=0) (state.change.logger)
[2025-06-28 09:56:54,473] INFO [Controller id=0 epoch=1] Changed partition __consumer_offsets-16 from NewPartition to OnlinePartition with state LeaderAndIsr(leader=0, leaderEpoch=0, isrWithBrokerEpoch=List(BrokerState(brokerId=0, brokerEpoch=-1)), leaderRecoveryState=RECOVERED, partitionEpoch=0) (state.change.logger)
[2025-06-28 09:56:54,473] INFO [Controller id=0 epoch=1] Changed partition __consumer_offsets-28 from NewPartition to OnlinePartition with state LeaderAndIsr(leader=0, leaderEpoch=0, isrWithBrokerEpoch=List(BrokerState(brokerId=0, brokerEpoch=-1)), leaderRecoveryState=RECOVERED, partitionEpoch=0) (state.change.logger)
[2025-06-28 09:56:54,473] INFO [Controller id=0 epoch=1] Changed partition __consumer_offsets-31 from NewPartition to OnlinePartition with state LeaderAndIsr(leader=0, leaderEpoch=0, isrWithBrokerEpoch=List(BrokerState(brokerId=0, brokerEpoch=-1)), leaderRecoveryState=RECOVERED, partitionEpoch=0) (state.change.logger)
[2025-06-28 09:56:54,473] INFO [Controller id=0 epoch=1] Changed partition __consumer_offsets-36 from NewPartition to OnlinePartition with state LeaderAndIsr(leader=0, leaderEpoch=0, isrWithBrokerEpoch=List(BrokerState(brokerId=0, brokerEpoch=-1)), leaderRecoveryState=RECOVERED, partitionEpoch=0) (state.change.logger)
[2025-06-28 09:56:54,473] INFO [Controller id=0 epoch=1] Changed partition __consumer_offsets-42 from NewPartition to OnlinePartition with state LeaderAndIsr(leader=0, leaderEpoch=0, isrWithBrokerEpoch=List(BrokerState(brokerId=0, brokerEpoch=-1)), leaderRecoveryState=RECOVERED, partitionEpoch=0) (state.change.logger)
[2025-06-28 09:56:54,473] INFO [Controller id=0 epoch=1] Changed partition __consumer_offsets-3 from NewPartition to OnlinePartition with state LeaderAndIsr(leader=0, leaderEpoch=0, isrWithBrokerEpoch=List(BrokerState(brokerId=0, brokerEpoch=-1)), leaderRecoveryState=RECOVERED, partitionEpoch=0) (state.change.logger)
[2025-06-28 09:56:54,473] INFO [Controller id=0 epoch=1] Changed partition __consumer_offsets-18 from NewPartition to OnlinePartition with state LeaderAndIsr(leader=0, leaderEpoch=0, isrWithBrokerEpoch=List(BrokerState(brokerId=0, brokerEpoch=-1)), leaderRecoveryState=RECOVERED, partitionEpoch=0) (state.change.logger)
[2025-06-28 09:56:54,473] INFO [Controller id=0 epoch=1] Changed partition __consumer_offsets-15 from NewPartition to OnlinePartition with state LeaderAndIsr(leader=0, leaderEpoch=0, isrWithBrokerEpoch=List(BrokerState(brokerId=0, brokerEpoch=-1)), leaderRecoveryState=RECOVERED, partitionEpoch=0) (state.change.logger)
[2025-06-28 09:56:54,474] INFO [Controller id=0 epoch=1] Changed partition __consumer_offsets-24 from NewPartition to OnlinePartition with state LeaderAndIsr(leader=0, leaderEpoch=0, isrWithBrokerEpoch=List(BrokerState(brokerId=0, brokerEpoch=-1)), leaderRecoveryState=RECOVERED, partitionEpoch=0) (state.change.logger)
[2025-06-28 09:56:54,474] INFO [Controller id=0 epoch=1] Changed partition __consumer_offsets-17 from NewPartition to OnlinePartition with state LeaderAndIsr(leader=0, leaderEpoch=0, isrWithBrokerEpoch=List(BrokerState(brokerId=0, brokerEpoch=-1)), leaderRecoveryState=RECOVERED, partitionEpoch=0) (state.change.logger)
[2025-06-28 09:56:54,474] INFO [Controller id=0 epoch=1] Changed partition __consumer_offsets-48 from NewPartition to OnlinePartition with state LeaderAndIsr(leader=0, leaderEpoch=0, isrWithBrokerEpoch=List(BrokerState(brokerId=0, brokerEpoch=-1)), leaderRecoveryState=RECOVERED, partitionEpoch=0) (state.change.logger)
[2025-06-28 09:56:54,474] INFO [Controller id=0 epoch=1] Changed partition __consumer_offsets-19 from NewPartition to OnlinePartition with state LeaderAndIsr(leader=0, leaderEpoch=0, isrWithBrokerEpoch=List(BrokerState(brokerId=0, brokerEpoch=-1)), leaderRecoveryState=RECOVERED, partitionEpoch=0) (state.change.logger)
[2025-06-28 09:56:54,474] INFO [Controller id=0 epoch=1] Changed partition __consumer_offsets-11 from NewPartition to OnlinePartition with state LeaderAndIsr(leader=0, leaderEpoch=0, isrWithBrokerEpoch=List(BrokerState(brokerId=0, brokerEpoch=-1)), leaderRecoveryState=RECOVERED, partitionEpoch=0) (state.change.logger)
[2025-06-28 09:56:54,474] INFO [Controller id=0 epoch=1] Changed partition __consumer_offsets-2 from NewPartition to OnlinePartition with state LeaderAndIsr(leader=0, leaderEpoch=0, isrWithBrokerEpoch=List(BrokerState(brokerId=0, brokerEpoch=-1)), leaderRecoveryState=RECOVERED, partitionEpoch=0) (state.change.logger)
[2025-06-28 09:56:54,474] INFO [Controller id=0 epoch=1] Changed partition __consumer_offsets-43 from NewPartition to OnlinePartition with state LeaderAndIsr(leader=0, leaderEpoch=0, isrWithBrokerEpoch=List(BrokerState(brokerId=0, brokerEpoch=-1)), leaderRecoveryState=RECOVERED, partitionEpoch=0) (state.change.logger)
[2025-06-28 09:56:54,474] INFO [Controller id=0 epoch=1] Changed partition __consumer_offsets-6 from NewPartition to OnlinePartition with state LeaderAndIsr(leader=0, leaderEpoch=0, isrWithBrokerEpoch=List(BrokerState(brokerId=0, brokerEpoch=-1)), leaderRecoveryState=RECOVERED, partitionEpoch=0) (state.change.logger)
[2025-06-28 09:56:54,474] INFO [Controller id=0 epoch=1] Changed partition __consumer_offsets-14 from NewPartition to OnlinePartition with state LeaderAndIsr(leader=0, leaderEpoch=0, isrWithBrokerEpoch=List(BrokerState(brokerId=0, brokerEpoch=-1)), leaderRecoveryState=RECOVERED, partitionEpoch=0) (state.change.logger)
[2025-06-28 09:56:54,474] INFO [Controller id=0 epoch=1] Changed partition __consumer_offsets-20 from NewPartition to OnlinePartition with state LeaderAndIsr(leader=0, leaderEpoch=0, isrWithBrokerEpoch=List(BrokerState(brokerId=0, brokerEpoch=-1)), leaderRecoveryState=RECOVERED, partitionEpoch=0) (state.change.logger)
[2025-06-28 09:56:54,475] INFO [Controller id=0 epoch=1] Changed partition __consumer_offsets-0 from NewPartition to OnlinePartition with state LeaderAndIsr(leader=0, leaderEpoch=0, isrWithBrokerEpoch=List(BrokerState(brokerId=0, brokerEpoch=-1)), leaderRecoveryState=RECOVERED, partitionEpoch=0) (state.change.logger)
[2025-06-28 09:56:54,475] INFO [Controller id=0 epoch=1] Changed partition __consumer_offsets-44 from NewPartition to OnlinePartition with state LeaderAndIsr(leader=0, leaderEpoch=0, isrWithBrokerEpoch=List(BrokerState(brokerId=0, brokerEpoch=-1)), leaderRecoveryState=RECOVERED, partitionEpoch=0) (state.change.logger)
[2025-06-28 09:56:54,475] INFO [Controller id=0 epoch=1] Changed partition __consumer_offsets-39 from NewPartition to OnlinePartition with state LeaderAndIsr(leader=0, leaderEpoch=0, isrWithBrokerEpoch=List(BrokerState(brokerId=0, brokerEpoch=-1)), leaderRecoveryState=RECOVERED, partitionEpoch=0) (state.change.logger)
[2025-06-28 09:56:54,475] INFO [Controller id=0 epoch=1] Changed partition __consumer_offsets-12 from NewPartition to OnlinePartition with state LeaderAndIsr(leader=0, leaderEpoch=0, isrWithBrokerEpoch=List(BrokerState(brokerId=0, brokerEpoch=-1)), leaderRecoveryState=RECOVERED, partitionEpoch=0) (state.change.logger)
[2025-06-28 09:56:54,475] INFO [Controller id=0 epoch=1] Changed partition __consumer_offsets-45 from NewPartition to OnlinePartition with state LeaderAndIsr(leader=0, leaderEpoch=0, isrWithBrokerEpoch=List(BrokerState(brokerId=0, brokerEpoch=-1)), leaderRecoveryState=RECOVERED, partitionEpoch=0) (state.change.logger)
[2025-06-28 09:56:54,475] INFO [Controller id=0 epoch=1] Changed partition __consumer_offsets-1 from NewPartition to OnlinePartition with state LeaderAndIsr(leader=0, leaderEpoch=0, isrWithBrokerEpoch=List(BrokerState(brokerId=0, brokerEpoch=-1)), leaderRecoveryState=RECOVERED, partitionEpoch=0) (state.change.logger)
[2025-06-28 09:56:54,475] INFO [Controller id=0 epoch=1] Changed partition __consumer_offsets-5 from NewPartition to OnlinePartition with state LeaderAndIsr(leader=0, leaderEpoch=0, isrWithBrokerEpoch=List(BrokerState(brokerId=0, brokerEpoch=-1)), leaderRecoveryState=RECOVERED, partitionEpoch=0) (state.change.logger)
[2025-06-28 09:56:54,475] INFO [Controller id=0 epoch=1] Changed partition __consumer_offsets-26 from NewPartition to OnlinePartition with state LeaderAndIsr(leader=0, leaderEpoch=0, isrWithBrokerEpoch=List(BrokerState(brokerId=0, brokerEpoch=-1)), leaderRecoveryState=RECOVERED, partitionEpoch=0) (state.change.logger)
[2025-06-28 09:56:54,476] INFO [Controller id=0 epoch=1] Changed partition __consumer_offsets-29 from NewPartition to OnlinePartition with state LeaderAndIsr(leader=0, leaderEpoch=0, isrWithBrokerEpoch=List(BrokerState(brokerId=0, brokerEpoch=-1)), leaderRecoveryState=RECOVERED, partitionEpoch=0) (state.change.logger)
[2025-06-28 09:56:54,476] INFO [Controller id=0 epoch=1] Changed partition __consumer_offsets-34 from NewPartition to OnlinePartition with state LeaderAndIsr(leader=0, leaderEpoch=0, isrWithBrokerEpoch=List(BrokerState(brokerId=0, brokerEpoch=-1)), leaderRecoveryState=RECOVERED, partitionEpoch=0) (state.change.logger)
[2025-06-28 09:56:54,476] INFO [Controller id=0 epoch=1] Changed partition __consumer_offsets-10 from NewPartition to OnlinePartition with state LeaderAndIsr(leader=0, leaderEpoch=0, isrWithBrokerEpoch=List(BrokerState(brokerId=0, brokerEpoch=-1)), leaderRecoveryState=RECOVERED, partitionEpoch=0) (state.change.logger)
[2025-06-28 09:56:54,476] INFO [Controller id=0 epoch=1] Changed partition __consumer_offsets-32 from NewPartition to OnlinePartition with state LeaderAndIsr(leader=0, leaderEpoch=0, isrWithBrokerEpoch=List(BrokerState(brokerId=0, brokerEpoch=-1)), leaderRecoveryState=RECOVERED, partitionEpoch=0) (state.change.logger)
[2025-06-28 09:56:54,476] INFO [Controller id=0 epoch=1] Changed partition __consumer_offsets-40 from NewPartition to OnlinePartition with state LeaderAndIsr(leader=0, leaderEpoch=0, isrWithBrokerEpoch=List(BrokerState(brokerId=0, brokerEpoch=-1)), leaderRecoveryState=RECOVERED, partitionEpoch=0) (state.change.logger)
[2025-06-28 09:56:54,476] INFO [Controller id=0 epoch=1] Sending LeaderAndIsr request to broker 0 with 50 become-leader and 0 become-follower partitions (state.change.logger)
[2025-06-28 09:56:54,477] INFO [Controller id=0 epoch=1] Sending UpdateMetadata request to brokers HashSet(0) for 50 partitions (state.change.logger)
[2025-06-28 09:56:54,479] INFO [Controller id=0 epoch=1] Sending UpdateMetadata request to brokers HashSet() for 0 partitions (state.change.logger)
[2025-06-28 09:56:54,479] INFO [Broker id=0] Handling LeaderAndIsr request correlationId 7 from controller 0 for 50 partitions (state.change.logger)
[2025-06-28 09:56:54,510] INFO [Broker id=0] Stopped fetchers as part of LeaderAndIsr request correlationId 7 from controller 0 epoch 1 as part of the become-leader transition for 50 partitions (state.change.logger)
[2025-06-28 09:56:54,521] INFO [Broker id=0] Leader __consumer_offsets-3 with topic id Some(FOo61bgVRRm8o5vYZD57YA) starts at leader epoch 0 from offset 0 with partition epoch 0, high watermark 0, ISR [0], adding replicas [] and removing replicas [] . Previous leader None and previous leader epoch was -1. (state.change.logger)
[2025-06-28 09:56:54,537] INFO [Broker id=0] Leader __consumer_offsets-18 with topic id Some(FOo61bgVRRm8o5vYZD57YA) starts at leader epoch 0 from offset 0 with partition epoch 0, high watermark 0, ISR [0], adding replicas [] and removing replicas [] . Previous leader None and previous leader epoch was -1. (state.change.logger)
[2025-06-28 09:56:54,555] INFO [Broker id=0] Leader __consumer_offsets-41 with topic id Some(FOo61bgVRRm8o5vYZD57YA) starts at leader epoch 0 from offset 0 with partition epoch 0, high watermark 0, ISR [0], adding replicas [] and removing replicas [] . Previous leader None and previous leader epoch was -1. (state.change.logger)
[2025-06-28 09:56:54,575] INFO [Broker id=0] Leader __consumer_offsets-10 with topic id Some(FOo61bgVRRm8o5vYZD57YA) starts at leader epoch 0 from offset 0 with partition epoch 0, high watermark 0, ISR [0], adding replicas [] and removing replicas [] . Previous leader None and previous leader epoch was -1. (state.change.logger)
[2025-06-28 09:56:54,594] INFO [Broker id=0] Leader __consumer_offsets-33 with topic id Some(FOo61bgVRRm8o5vYZD57YA) starts at leader epoch 0 from offset 0 with partition epoch 0, high watermark 0, ISR [0], adding replicas [] and removing replicas [] . Previous leader None and previous leader epoch was -1. (state.change.logger)
[2025-06-28 09:56:54,620] INFO [Broker id=0] Leader __consumer_offsets-48 with topic id Some(FOo61bgVRRm8o5vYZD57YA) starts at leader epoch 0 from offset 0 with partition epoch 0, high watermark 0, ISR [0], adding replicas [] and removing replicas [] . Previous leader None and previous leader epoch was -1. (state.change.logger)
[2025-06-28 09:56:54,642] INFO [Broker id=0] Leader __consumer_offsets-19 with topic id Some(FOo61bgVRRm8o5vYZD57YA) starts at leader epoch 0 from offset 0 with partition epoch 0, high watermark 0, ISR [0], adding replicas [] and removing replicas [] . Previous leader None and previous leader epoch was -1. (state.change.logger)
[2025-06-28 09:56:54,666] INFO [Broker id=0] Leader __consumer_offsets-34 with topic id Some(FOo61bgVRRm8o5vYZD57YA) starts at leader epoch 0 from offset 0 with partition epoch 0, high watermark 0, ISR [0], adding replicas [] and removing replicas [] . Previous leader None and previous leader epoch was -1. (state.change.logger)
[2025-06-28 09:56:54,690] INFO [Broker id=0] Leader __consumer_offsets-4 with topic id Some(FOo61bgVRRm8o5vYZD57YA) starts at leader epoch 0 from offset 0 with partition epoch 0, high watermark 0, ISR [0], adding replicas [] and removing replicas [] . Previous leader None and previous leader epoch was -1. (state.change.logger)
[2025-06-28 09:56:54,710] INFO [Broker id=0] Leader __consumer_offsets-11 with topic id Some(FOo61bgVRRm8o5vYZD57YA) starts at leader epoch 0 from offset 0 with partition epoch 0, high watermark 0, ISR [0], adding replicas [] and removing replicas [] . Previous leader None and previous leader epoch was -1. (state.change.logger)
[2025-06-28 09:56:54,731] INFO [Broker id=0] Leader __consumer_offsets-26 with topic id Some(FOo61bgVRRm8o5vYZD57YA) starts at leader epoch 0 from offset 0 with partition epoch 0, high watermark 0, ISR [0], adding replicas [] and removing replicas [] . Previous leader None and previous leader epoch was -1. (state.change.logger)
[2025-06-28 09:56:54,755] INFO [Broker id=0] Leader __consumer_offsets-49 with topic id Some(FOo61bgVRRm8o5vYZD57YA) starts at leader epoch 0 from offset 0 with partition epoch 0, high watermark 0, ISR [0], adding replicas [] and removing replicas [] . Previous leader None and previous leader epoch was -1. (state.change.logger)
[2025-06-28 09:56:54,778] INFO [Broker id=0] Leader __consumer_offsets-39 with topic id Some(FOo61bgVRRm8o5vYZD57YA) starts at leader epoch 0 from offset 0 with partition epoch 0, high watermark 0, ISR [0], adding replicas [] and removing replicas [] . Previous leader None and previous leader epoch was -1. (state.change.logger)
[2025-06-28 09:56:54,798] INFO [Broker id=0] Leader __consumer_offsets-9 with topic id Some(FOo61bgVRRm8o5vYZD57YA) starts at leader epoch 0 from offset 0 with partition epoch 0, high watermark 0, ISR [0], adding replicas [] and removing replicas [] . Previous leader None and previous leader epoch was -1. (state.change.logger)
[2025-06-28 09:56:54,816] INFO [Broker id=0] Leader __consumer_offsets-24 with topic id Some(FOo61bgVRRm8o5vYZD57YA) starts at leader epoch 0 from offset 0 with partition epoch 0, high watermark 0, ISR [0], adding replicas [] and removing replicas [] . Previous leader None and previous leader epoch was -1. (state.change.logger)
[2025-06-28 09:56:54,831] INFO [Broker id=0] Leader __consumer_offsets-31 with topic id Some(FOo61bgVRRm8o5vYZD57YA) starts at leader epoch 0 from offset 0 with partition epoch 0, high watermark 0, ISR [0], adding replicas [] and removing replicas [] . Previous leader None and previous leader epoch was -1. (state.change.logger)
[2025-06-28 09:56:54,847] INFO [Broker id=0] Leader __consumer_offsets-46 with topic id Some(FOo61bgVRRm8o5vYZD57YA) starts at leader epoch 0 from offset 0 with partition epoch 0, high watermark 0, ISR [0], adding replicas [] and removing replicas [] . Previous leader None and previous leader epoch was -1. (state.change.logger)
[2025-06-28 09:56:54,860] INFO [Broker id=0] Leader __consumer_offsets-1 with topic id Some(FOo61bgVRRm8o5vYZD57YA) starts at leader epoch 0 from offset 0 with partition epoch 0, high watermark 0, ISR [0], adding replicas [] and removing replicas [] . Previous leader None and previous leader epoch was -1. (state.change.logger)
[2025-06-28 09:56:54,873] INFO [Broker id=0] Leader __consumer_offsets-16 with topic id Some(FOo61bgVRRm8o5vYZD57YA) starts at leader epoch 0 from offset 0 with partition epoch 0, high watermark 0, ISR [0], adding replicas [] and removing replicas [] . Previous leader None and previous leader epoch was -1. (state.change.logger)
[2025-06-28 09:56:54,885] INFO [Broker id=0] Leader __consumer_offsets-2 with topic id Some(FOo61bgVRRm8o5vYZD57YA) starts at leader epoch 0 from offset 0 with partition epoch 0, high watermark 0, ISR [0], adding replicas [] and removing replicas [] . Previous leader None and previous leader epoch was -1. (state.change.logger)
[2025-06-28 09:56:54,895] INFO [Broker id=0] Leader __consumer_offsets-25 with topic id Some(FOo61bgVRRm8o5vYZD57YA) starts at leader epoch 0 from offset 0 with partition epoch 0, high watermark 0, ISR [0], adding replicas [] and removing replicas [] . Previous leader None and previous leader epoch was -1. (state.change.logger)
[2025-06-28 09:56:54,906] INFO [Broker id=0] Leader __consumer_offsets-40 with topic id Some(FOo61bgVRRm8o5vYZD57YA) starts at leader epoch 0 from offset 0 with partition epoch 0, high watermark 0, ISR [0], adding replicas [] and removing replicas [] . Previous leader None and previous leader epoch was -1. (state.change.logger)
[2025-06-28 09:56:54,916] INFO [Broker id=0] Leader __consumer_offsets-47 with topic id Some(FOo61bgVRRm8o5vYZD57YA) starts at leader epoch 0 from offset 0 with partition epoch 0, high watermark 0, ISR [0], adding replicas [] and removing replicas [] . Previous leader None and previous leader epoch was -1. (state.change.logger)
[2025-06-28 09:56:54,927] INFO [Broker id=0] Leader __consumer_offsets-17 with topic id Some(FOo61bgVRRm8o5vYZD57YA) starts at leader epoch 0 from offset 0 with partition epoch 0, high watermark 0, ISR [0], adding replicas [] and removing replicas [] . Previous leader None and previous leader epoch was -1. (state.change.logger)
[2025-06-28 09:56:54,938] INFO [Broker id=0] Leader __consumer_offsets-32 with topic id Some(FOo61bgVRRm8o5vYZD57YA) starts at leader epoch 0 from offset 0 with partition epoch 0, high watermark 0, ISR [0], adding replicas [] and removing replicas [] . Previous leader None and previous leader epoch was -1. (state.change.logger)
[2025-06-28 09:56:54,950] INFO [Broker id=0] Leader __consumer_offsets-37 with topic id Some(FOo61bgVRRm8o5vYZD57YA) starts at leader epoch 0 from offset 0 with partition epoch 0, high watermark 0, ISR [0], adding replicas [] and removing replicas [] . Previous leader None and previous leader epoch was -1. (state.change.logger)
[2025-06-28 09:56:54,961] INFO [Broker id=0] Leader __consumer_offsets-7 with topic id Some(FOo61bgVRRm8o5vYZD57YA) starts at leader epoch 0 from offset 0 with partition epoch 0, high watermark 0, ISR [0], adding replicas [] and removing replicas [] . Previous leader None and previous leader epoch was -1. (state.change.logger)
[2025-06-28 09:56:54,973] INFO [Broker id=0] Leader __consumer_offsets-22 with topic id Some(FOo61bgVRRm8o5vYZD57YA) starts at leader epoch 0 from offset 0 with partition epoch 0, high watermark 0, ISR [0], adding replicas [] and removing replicas [] . Previous leader None and previous leader epoch was -1. (state.change.logger)
[2025-06-28 09:56:54,988] INFO [Broker id=0] Leader __consumer_offsets-29 with topic id Some(FOo61bgVRRm8o5vYZD57YA) starts at leader epoch 0 from offset 0 with partition epoch 0, high watermark 0, ISR [0], adding replicas [] and removing replicas [] . Previous leader None and previous leader epoch was -1. (state.change.logger)
[2025-06-28 09:56:55,002] INFO [Broker id=0] Leader __consumer_offsets-44 with topic id Some(FOo61bgVRRm8o5vYZD57YA) starts at leader epoch 0 from offset 0 with partition epoch 0, high watermark 0, ISR [0], adding replicas [] and removing replicas [] . Previous leader None and previous leader epoch was -1. (state.change.logger)
[2025-06-28 09:56:55,018] INFO [Broker id=0] Leader __consumer_offsets-14 with topic id Some(FOo61bgVRRm8o5vYZD57YA) starts at leader epoch 0 from offset 0 with partition epoch 0, high watermark 0, ISR [0], adding replicas [] and removing replicas [] . Previous leader None and previous leader epoch was -1. (state.change.logger)
[2025-06-28 09:56:55,027] INFO [Broker id=0] Leader __consumer_offsets-23 with topic id Some(FOo61bgVRRm8o5vYZD57YA) starts at leader epoch 0 from offset 0 with partition epoch 0, high watermark 0, ISR [0], adding replicas [] and removing replicas [] . Previous leader None and previous leader epoch was -1. (state.change.logger)
[2025-06-28 09:56:55,039] INFO [Broker id=0] Leader __consumer_offsets-38 with topic id Some(FOo61bgVRRm8o5vYZD57YA) starts at leader epoch 0 from offset 0 with partition epoch 0, high watermark 0, ISR [0], adding replicas [] and removing replicas [] . Previous leader None and previous leader epoch was -1. (state.change.logger)
[2025-06-28 09:56:55,051] INFO [Broker id=0] Leader __consumer_offsets-8 with topic id Some(FOo61bgVRRm8o5vYZD57YA) starts at leader epoch 0 from offset 0 with partition epoch 0, high watermark 0, ISR [0], adding replicas [] and removing replicas [] . Previous leader None and previous leader epoch was -1. (state.change.logger)
[2025-06-28 09:56:55,062] INFO [Broker id=0] Leader __consumer_offsets-45 with topic id Some(FOo61bgVRRm8o5vYZD57YA) starts at leader epoch 0 from offset 0 with partition epoch 0, high watermark 0, ISR [0], adding replicas [] and removing replicas [] . Previous leader None and previous leader epoch was -1. (state.change.logger)
[2025-06-28 09:56:55,071] INFO [Broker id=0] Leader __consumer_offsets-15 with topic id Some(FOo61bgVRRm8o5vYZD57YA) starts at leader epoch 0 from offset 0 with partition epoch 0, high watermark 0, ISR [0], adding replicas [] and removing replicas [] . Previous leader None and previous leader epoch was -1. (state.change.logger)
[2025-06-28 09:56:55,081] INFO [Broker id=0] Leader __consumer_offsets-30 with topic id Some(FOo61bgVRRm8o5vYZD57YA) starts at leader epoch 0 from offset 0 with partition epoch 0, high watermark 0, ISR [0], adding replicas [] and removing replicas [] . Previous leader None and previous leader epoch was -1. (state.change.logger)
[2025-06-28 09:56:55,094] INFO [Broker id=0] Leader __consumer_offsets-0 with topic id Some(FOo61bgVRRm8o5vYZD57YA) starts at leader epoch 0 from offset 0 with partition epoch 0, high watermark 0, ISR [0], adding replicas [] and removing replicas [] . Previous leader None and previous leader epoch was -1. (state.change.logger)
[2025-06-28 09:56:55,105] INFO [Broker id=0] Leader __consumer_offsets-35 with topic id Some(FOo61bgVRRm8o5vYZD57YA) starts at leader epoch 0 from offset 0 with partition epoch 0, high watermark 0, ISR [0], adding replicas [] and removing replicas [] . Previous leader None and previous leader epoch was -1. (state.change.logger)
[2025-06-28 09:56:55,113] INFO [Broker id=0] Leader __consumer_offsets-5 with topic id Some(FOo61bgVRRm8o5vYZD57YA) starts at leader epoch 0 from offset 0 with partition epoch 0, high watermark 0, ISR [0], adding replicas [] and removing replicas [] . Previous leader None and previous leader epoch was -1. (state.change.logger)
[2025-06-28 09:56:55,125] INFO [Broker id=0] Leader __consumer_offsets-20 with topic id Some(FOo61bgVRRm8o5vYZD57YA) starts at leader epoch 0 from offset 0 with partition epoch 0, high watermark 0, ISR [0], adding replicas [] and removing replicas [] . Previous leader None and previous leader epoch was -1. (state.change.logger)
[2025-06-28 09:56:55,137] INFO [Broker id=0] Leader __consumer_offsets-27 with topic id Some(FOo61bgVRRm8o5vYZD57YA) starts at leader epoch 0 from offset 0 with partition epoch 0, high watermark 0, ISR [0], adding replicas [] and removing replicas [] . Previous leader None and previous leader epoch was -1. (state.change.logger)
[2025-06-28 09:56:55,147] INFO [Broker id=0] Leader __consumer_offsets-42 with topic id Some(FOo61bgVRRm8o5vYZD57YA) starts at leader epoch 0 from offset 0 with partition epoch 0, high watermark 0, ISR [0], adding replicas [] and removing replicas [] . Previous leader None and previous leader epoch was -1. (state.change.logger)
[2025-06-28 09:56:55,161] INFO [Broker id=0] Leader __consumer_offsets-12 with topic id Some(FOo61bgVRRm8o5vYZD57YA) starts at leader epoch 0 from offset 0 with partition epoch 0, high watermark 0, ISR [0], adding replicas [] and removing replicas [] . Previous leader None and previous leader epoch was -1. (state.change.logger)
[2025-06-28 09:56:55,173] INFO [Broker id=0] Leader __consumer_offsets-21 with topic id Some(FOo61bgVRRm8o5vYZD57YA) starts at leader epoch 0 from offset 0 with partition epoch 0, high watermark 0, ISR [0], adding replicas [] and removing replicas [] . Previous leader None and previous leader epoch was -1. (state.change.logger)
[2025-06-28 09:56:55,186] INFO [Broker id=0] Leader __consumer_offsets-36 with topic id Some(FOo61bgVRRm8o5vYZD57YA) starts at leader epoch 0 from offset 0 with partition epoch 0, high watermark 0, ISR [0], adding replicas [] and removing replicas [] . Previous leader None and previous leader epoch was -1. (state.change.logger)
[2025-06-28 09:56:55,202] INFO [Broker id=0] Leader __consumer_offsets-6 with topic id Some(FOo61bgVRRm8o5vYZD57YA) starts at leader epoch 0 from offset 0 with partition epoch 0, high watermark 0, ISR [0], adding replicas [] and removing replicas [] . Previous leader None and previous leader epoch was -1. (state.change.logger)
[2025-06-28 09:56:55,217] INFO [Broker id=0] Leader __consumer_offsets-43 with topic id Some(FOo61bgVRRm8o5vYZD57YA) starts at leader epoch 0 from offset 0 with partition epoch 0, high watermark 0, ISR [0], adding replicas [] and removing replicas [] . Previous leader None and previous leader epoch was -1. (state.change.logger)
[2025-06-28 09:56:55,233] INFO [Broker id=0] Leader __consumer_offsets-13 with topic id Some(FOo61bgVRRm8o5vYZD57YA) starts at leader epoch 0 from offset 0 with partition epoch 0, high watermark 0, ISR [0], adding replicas [] and removing replicas [] . Previous leader None and previous leader epoch was -1. (state.change.logger)
[2025-06-28 09:56:55,248] INFO [Broker id=0] Leader __consumer_offsets-28 with topic id Some(FOo61bgVRRm8o5vYZD57YA) starts at leader epoch 0 from offset 0 with partition epoch 0, high watermark 0, ISR [0], adding replicas [] and removing replicas [] . Previous leader None and previous leader epoch was -1. (state.change.logger)
[2025-06-28 09:56:55,281] INFO [Broker id=0] Finished LeaderAndIsr request in 800ms correlationId 7 from controller 0 for 50 partitions (state.change.logger)
[2025-06-28 09:56:55,283] INFO [Broker id=0] Add 50 partitions and deleted 0 partitions from metadata cache in response to UpdateMetadata request sent by controller 0 epoch 1 with correlation id 8 (state.change.logger)
